Using pre-set license
Built from '2020.3/staging' branch; Version is '2020.3.19f1 (68f137dc9bbe) revision 6877495'; Using compiler version '192528614'; Build Type 'Release'
OS: 'Windows 10 Home; OS build 19042.1415; Version 2009; 64bit' Language: 'es' Physical Memory: 16244 MB
BatchMode: 1, IsHumanControllingUs: 0, StartBugReporterOnCrash: 0, Is64bit: 1, IsPro: 0

COMMAND LINE ARGUMENTS:
C:\Program Files\Unity\Hub\Editor\2020.3.19f1\Editor\Unity.exe
-adb2
-batchMode
-noUpm
-name
AssetImportWorker0
-projectPath
C:/Users/Jordi/DSA/Proyecto/Pokemon_Unity
-logFile
Logs/AssetImportWorker0.log
-srvPort
49868
Successfully changed project path to: C:/Users/Jordi/DSA/Proyecto/Pokemon_Unity
C:/Users/Jordi/DSA/Proyecto/Pokemon_Unity
Using Asset Import Pipeline V2.
Refreshing native plugins compatible for Editor in 71.27 ms, found 5 plugins.
Preloading 0 native plugins for Editor in 0.00 ms.
Initialize engine version: 2020.3.19f1 (68f137dc9bbe)
[Subsystems] Discovering subsystems at path C:/Program Files/Unity/Hub/Editor/2020.3.19f1/Editor/Data/Resources/UnitySubsystems
[Subsystems] Discovering subsystems at path C:/Users/Jordi/DSA/Proyecto/Pokemon_Unity/Assets
GfxDevice: creating device client; threaded=0
Direct3D:
    Version:  Direct3D 11.0 [level 11.1]
    Renderer: NVIDIA GeForce GTX 1060 (ID=0x1c20)
    Vendor:   
    VRAM:     6052 MB
    Driver:   27.21.14.6647
Initialize mono
Mono path[0] = 'C:/Program Files/Unity/Hub/Editor/2020.3.19f1/Editor/Data/Managed'
Mono path[1] = 'C:/Program Files/Unity/Hub/Editor/2020.3.19f1/Editor/Data/MonoBleedingEdge/lib/mono/unityjit'
Mono config path = 'C:/Program Files/Unity/Hub/Editor/2020.3.19f1/Editor/Data/MonoBleedingEdge/etc'
Using monoOptions --debugger-agent=transport=dt_socket,embedding=1,server=y,suspend=n,address=127.0.0.1:56600
Begin MonoManager ReloadAssembly
Registering precompiled unity dll's ...
Register platform support module: C:/Program Files/Unity/Hub/Editor/2020.3.19f1/Editor/Data/PlaybackEngines/WindowsStandaloneSupport/UnityEditor.WindowsStandalone.Extensions.dll
Registered in 0.003321 seconds.
Native extension for WindowsStandalone target not found
Refreshing native plugins compatible for Editor in 66.47 ms, found 5 plugins.
Preloading 0 native plugins for Editor in 0.00 ms.
Mono: successfully reloaded assembly
- Completed reload, in  2.240 seconds
Domain Reload Profiling:
	ReloadAssembly (2240ms)
		BeginReloadAssembly (64ms)
			ExecutionOrderSort (0ms)
			DisableScriptedObjects (0ms)
			BackupInstance (0ms)
			ReleaseScriptingObjects (0ms)
			CreateAndSetChildDomain (1ms)
		EndReloadAssembly (540ms)
			LoadAssemblies (63ms)
			RebuildTransferFunctionScriptingTraits (0ms)
			SetupTypeCache (186ms)
			ReleaseScriptCaches (0ms)
			RebuildScriptCaches (39ms)
			SetupLoadedEditorAssemblies (209ms)
				LogAssemblyErrors (0ms)
				InitializePlatformSupportModulesInManaged (4ms)
				SetLoadedEditorAssemblies (0ms)
				RefreshPlugins (67ms)
				BeforeProcessingInitializeOnLoad (9ms)
				ProcessInitializeOnLoadAttributes (95ms)
				ProcessInitializeOnLoadMethodAttributes (34ms)
				AfterProcessingInitializeOnLoad (0ms)
				EditorAssembliesLoaded (0ms)
			ExecutionOrderSort2 (0ms)
			AwakeInstancesAfterBackupRestoration (0ms)
Platform modules already initialized, skipping
Registering precompiled user dll's ...
Registered in 0.011706 seconds.
Begin MonoManager ReloadAssembly
Native extension for WindowsStandalone target not found
Refreshing native plugins compatible for Editor in 106.82 ms, found 5 plugins.
Preloading 0 native plugins for Editor in 0.00 ms.
Mono: successfully reloaded assembly
- Completed reload, in  1.741 seconds
Domain Reload Profiling:
	ReloadAssembly (1743ms)
		BeginReloadAssembly (200ms)
			ExecutionOrderSort (0ms)
			DisableScriptedObjects (5ms)
			BackupInstance (0ms)
			ReleaseScriptingObjects (0ms)
			CreateAndSetChildDomain (26ms)
		EndReloadAssembly (1460ms)
			LoadAssemblies (133ms)
			RebuildTransferFunctionScriptingTraits (0ms)
			SetupTypeCache (560ms)
			ReleaseScriptCaches (0ms)
			RebuildScriptCaches (59ms)
			SetupLoadedEditorAssemblies (522ms)
				LogAssemblyErrors (0ms)
				InitializePlatformSupportModulesInManaged (8ms)
				SetLoadedEditorAssemblies (0ms)
				RefreshPlugins (107ms)
				BeforeProcessingInitializeOnLoad (126ms)
				ProcessInitializeOnLoadAttributes (257ms)
				ProcessInitializeOnLoadMethodAttributes (18ms)
				AfterProcessingInitializeOnLoad (6ms)
				EditorAssembliesLoaded (0ms)
			ExecutionOrderSort2 (0ms)
			AwakeInstancesAfterBackupRestoration (7ms)
Platform modules already initialized, skipping
========================================================================
Worker process is ready to serve import requests
Launched and connected shader compiler UnityShaderCompiler.exe after 0.06 seconds
Refreshing native plugins compatible for Editor in 0.95 ms, found 5 plugins.
Preloading 0 native plugins for Editor in 0.00 ms.
Unloading 2239 Unused Serialized files (Serialized files now loaded: 0)
System memory in use before: 97.3 MB.
System memory in use after: 97.5 MB.

Unloading 47 unused Assets to reduce memory usage. Loaded Objects now: 2701.
Total: 3.622100 ms (FindLiveObjects: 0.239800 ms CreateObjectMapping: 0.103600 ms MarkObjects: 3.178700 ms  DeleteObjects: 0.098600 ms)

AssetImportParameters requested are different than current active one (requested -> active):
  custom:framework-win-MediaFoundation: 216162199b28c13a410421893ffa2e32 -> 
  custom:video-decoder-ogg-theora: a1e56fd34408186e4bbccfd4996cb3dc -> 
  custom:container-muxer-webm: aa71ff27fc2769a1b78a27578f13a17b -> 
  custom:container-demuxer-webm: 4f35f7cbe854078d1ac9338744f61a02 -> 
  custom:container-demuxer-ogg: 62fdf1f143b41e24485cea50d1cbac27 -> 
  custom:video-encoder-webm-vp8: eb34c28f22e8b96e1ab97ce403110664 -> 
  custom:video-codec-MediaFoundation-h265: 746d11721c4dcdbdad8f713fa42b33f4 -> 
  custom:video-decoder-webm-vp8: 9c59270c3fd7afecdb556c50c9e8de78 -> 
  custom:audio-decoder-ogg-vorbis: bf7c407c2cedff20999df2af8eb42d56 -> 
  custom:audio-encoder-webm-vorbis: bf7c407c2cedff20999df2af8eb42d56 -> 
========================================================================
Received Import Request.
  path: Assets/Scripts/Battle/BattleSystem.cs
  artifactKey: Guid(cfa2806931ab05f4c82140bf91ab35b5) Importer(815301076,1909f56bfc062723c751e8b465ee728b)
Start importing Assets/Scripts/Battle/BattleSystem.cs using Guid(cfa2806931ab05f4c82140bf91ab35b5) Importer(815301076,1909f56bfc062723c751e8b465ee728b)  -> (artifact id: '23fe3ee41b844cc3a428f691a1fb7d8d') in 0.053157 seconds 
  Import took 0.062516 seconds .

========================================================================
Received Import Request.
  Time since last request: 39.389533 seconds.
  path: Assets/Scripts/Gameplay
  artifactKey: Guid(2c48f45b2097d3645bdd50e41f78760a) Importer(815301076,1909f56bfc062723c751e8b465ee728b)
Start importing Assets/Scripts/Gameplay using Guid(2c48f45b2097d3645bdd50e41f78760a) Importer(815301076,1909f56bfc062723c751e8b465ee728b)  -> (artifact id: '9593f243ee270dab3ecde99b574d94fe') in 0.002755 seconds 
  Import took 0.008128 seconds .

========================================================================
Received Import Request.
  Time since last request: 2.759247 seconds.
  path: Assets/Scripts/Player
  artifactKey: Guid(c0cd7772d10f06e49996b9f751ede9bd) Importer(815301076,1909f56bfc062723c751e8b465ee728b)
Start importing Assets/Scripts/Player using Guid(c0cd7772d10f06e49996b9f751ede9bd) Importer(815301076,1909f56bfc062723c751e8b465ee728b)  -> (artifact id: '7d6e80824af78cfedfdd2103c3674dc9') in 0.003096 seconds 
  Import took 0.007610 seconds .

========================================================================
Received Import Request.
  Time since last request: 4.728414 seconds.
  path: Assets/Scripts/Pokemons/MoveBase.cs
  artifactKey: Guid(d57d8c7c626eb5246ba8bb0fd22a1992) Importer(815301076,1909f56bfc062723c751e8b465ee728b)
Start importing Assets/Scripts/Pokemons/MoveBase.cs using Guid(d57d8c7c626eb5246ba8bb0fd22a1992) Importer(815301076,1909f56bfc062723c751e8b465ee728b)  -> (artifact id: '31bed6672b6c8dcc1cc9ed535cdb5952') in 0.004546 seconds 
  Import took 0.009499 seconds .

========================================================================
Received Import Request.
  Time since last request: 310.812123 seconds.
  path: Assets/Tiles/Background.prefab
  artifactKey: Guid(27da0a93c7a9eb840849cd5ef0158679) Importer(815301076,1909f56bfc062723c751e8b465ee728b)
Start importing Assets/Tiles/Background.prefab using Guid(27da0a93c7a9eb840849cd5ef0158679) Importer(815301076,1909f56bfc062723c751e8b465ee728b)  -> (artifact id: '8aecbafa80659e1da61c5a63720edbf9') in 0.134101 seconds 
  Import took 0.141400 seconds .

========================================================================
Received Import Request.
  Time since last request: 0.000374 seconds.
  path: Assets/Tiles/Overworld_7.asset
  artifactKey: Guid(3660bd9c93026044eb40cac9deb77a57) Importer(815301076,1909f56bfc062723c751e8b465ee728b)
Start importing Assets/Tiles/Overworld_7.asset using Guid(3660bd9c93026044eb40cac9deb77a57) Importer(815301076,1909f56bfc062723c751e8b465ee728b)  -> (artifact id: 'd1089bdfbc2e7a7e0b38e05e41881a5e') in 0.042346 seconds 
  Import took 0.047985 seconds .

========================================================================
Received Import Request.
  Time since last request: 0.000297 seconds.
  path: Assets/Tiles/Overworld_37.asset
  artifactKey: Guid(586b13a8db3b17c4fa8b2f6baf166ad2) Importer(815301076,1909f56bfc062723c751e8b465ee728b)
Start importing Assets/Tiles/Overworld_37.asset using Guid(586b13a8db3b17c4fa8b2f6baf166ad2) Importer(815301076,1909f56bfc062723c751e8b465ee728b)  -> (artifact id: '99413aa4469d9db39c4c6feaa7acabed') in 0.012623 seconds 
  Import took 0.018090 seconds .

========================================================================
Received Import Request.
  Time since last request: 0.000299 seconds.
  path: Assets/Tiles/Overworld_3.asset
  artifactKey: Guid(2fadfda739ddf2846af297dfa24b16c3) Importer(815301076,1909f56bfc062723c751e8b465ee728b)
Start importing Assets/Tiles/Overworld_3.asset using Guid(2fadfda739ddf2846af297dfa24b16c3) Importer(815301076,1909f56bfc062723c751e8b465ee728b)  -> (artifact id: '91853c9461c428abfaa51ecdc99cccba') in 0.013017 seconds 
  Import took 0.019647 seconds .

========================================================================
Received Import Request.
  Time since last request: 0.000331 seconds.
  path: Assets/Tiles/Overworld_23.asset
  artifactKey: Guid(fb93027b35f4baf4d81fc72225574b46) Importer(815301076,1909f56bfc062723c751e8b465ee728b)
Start importing Assets/Tiles/Overworld_23.asset using Guid(fb93027b35f4baf4d81fc72225574b46) Importer(815301076,1909f56bfc062723c751e8b465ee728b)  -> (artifact id: '0b02daeec9ea2cf87da0e176bd7c2e74') in 0.013567 seconds 
  Import took 0.018392 seconds .

========================================================================
Received Import Request.
  Time since last request: 0.000392 seconds.
  path: Assets/Tiles/Overworld_19.asset
  artifactKey: Guid(3b16c37da0335684a9acf1549cbecc3e) Importer(815301076,1909f56bfc062723c751e8b465ee728b)
Start importing Assets/Tiles/Overworld_19.asset using Guid(3b16c37da0335684a9acf1549cbecc3e) Importer(815301076,1909f56bfc062723c751e8b465ee728b)  -> (artifact id: 'ba295476cd20b93495619e4c2fd721ac') in 0.009185 seconds 
  Import took 0.015540 seconds .

========================================================================
Received Import Request.
  Time since last request: 0.000728 seconds.
  path: Assets/Tiles/Overworld_4.asset
  artifactKey: Guid(5c5946dff4d124e4e99a0488587883ed) Importer(815301076,1909f56bfc062723c751e8b465ee728b)
Start importing Assets/Tiles/Overworld_4.asset using Guid(5c5946dff4d124e4e99a0488587883ed) Importer(815301076,1909f56bfc062723c751e8b465ee728b)  -> (artifact id: '2e232075ecefaa4c54bedcfd865e7888') in 0.008536 seconds 
  Import took 0.013922 seconds .

========================================================================
Received Import Request.
  Time since last request: 0.000280 seconds.
  path: Assets/Tiles/Overworld_10.asset
  artifactKey: Guid(434a75a2964a9d546b4f7309c5cb5990) Importer(815301076,1909f56bfc062723c751e8b465ee728b)
Start importing Assets/Tiles/Overworld_10.asset using Guid(434a75a2964a9d546b4f7309c5cb5990) Importer(815301076,1909f56bfc062723c751e8b465ee728b)  -> (artifact id: 'ab96a9976ca39ca8a8000e880846d916') in 0.009826 seconds 
  Import took 0.013763 seconds .

========================================================================
Received Import Request.
  Time since last request: 0.000222 seconds.
  path: Assets/Tiles/Overworld_25.asset
  artifactKey: Guid(7e3abf989af4493428728955ca555f3e) Importer(815301076,1909f56bfc062723c751e8b465ee728b)
Start importing Assets/Tiles/Overworld_25.asset using Guid(7e3abf989af4493428728955ca555f3e) Importer(815301076,1909f56bfc062723c751e8b465ee728b)  -> (artifact id: '95a4f14042075683bffb58ca16616e5a') in 0.009559 seconds 
  Import took 0.013612 seconds .

========================================================================
Received Import Request.
  Time since last request: 0.000246 seconds.
  path: Assets/Tiles/Overworld_46.asset
  artifactKey: Guid(f976d642b3b80d543813bab245361f94) Importer(815301076,1909f56bfc062723c751e8b465ee728b)
Start importing Assets/Tiles/Overworld_46.asset using Guid(f976d642b3b80d543813bab245361f94) Importer(815301076,1909f56bfc062723c751e8b465ee728b)  -> (artifact id: '3ccd93d06f8b469c1719c46a84f71fdd') in 0.008610 seconds 
  Import took 0.013237 seconds .

========================================================================
Received Import Request.
  Time since last request: 0.000265 seconds.
  path: Assets/Tiles/Overworld_12.asset
  artifactKey: Guid(7a392871f3aeca44aba829958b2df371) Importer(815301076,1909f56bfc062723c751e8b465ee728b)
Start importing Assets/Tiles/Overworld_12.asset using Guid(7a392871f3aeca44aba829958b2df371) Importer(815301076,1909f56bfc062723c751e8b465ee728b)  -> (artifact id: '2f30e330a0ff4dc1245f9286bcf23abe') in 0.010771 seconds 
  Import took 0.015333 seconds .

========================================================================
Received Import Request.
  Time since last request: 0.000252 seconds.
  path: Assets/Tiles/Overworld_29.asset
  artifactKey: Guid(c9c4122cd0832a649abe97adc9ebe558) Importer(815301076,1909f56bfc062723c751e8b465ee728b)
Start importing Assets/Tiles/Overworld_29.asset using Guid(c9c4122cd0832a649abe97adc9ebe558) Importer(815301076,1909f56bfc062723c751e8b465ee728b)  -> (artifact id: 'c06a27d98886d4a7b1e2f9e11564cbde') in 0.010103 seconds 
  Import took 0.014656 seconds .

========================================================================
Received Import Request.
  Time since last request: 0.000245 seconds.
  path: Assets/Tiles/Overworld.prefab
  artifactKey: Guid(1ef80c401bf480f489a120a125389486) Importer(815301076,1909f56bfc062723c751e8b465ee728b)
Start importing Assets/Tiles/Overworld.prefab using Guid(1ef80c401bf480f489a120a125389486) Importer(815301076,1909f56bfc062723c751e8b465ee728b)  -> (artifact id: 'b895f4b2d3955e09f08c70e3def56094') in 0.602538 seconds 
  Import took 0.618076 seconds .

========================================================================
Received Import Request.
  Time since last request: 0.000279 seconds.
  path: Assets/Tiles/Overworld_13.asset
  artifactKey: Guid(8a4e9da89413965458115704d388eab0) Importer(815301076,1909f56bfc062723c751e8b465ee728b)
Start importing Assets/Tiles/Overworld_13.asset using Guid(8a4e9da89413965458115704d388eab0) Importer(815301076,1909f56bfc062723c751e8b465ee728b)  -> (artifact id: '828fc00a3ddb124460bbd988e79f86d5') in 0.009657 seconds 
  Import took 0.014067 seconds .

========================================================================
Received Import Request.
  Time since last request: 0.000383 seconds.
  path: Assets/Tiles/Overworld_27.asset
  artifactKey: Guid(30965bcefe4c98740a1f673e218e6cec) Importer(815301076,1909f56bfc062723c751e8b465ee728b)
Start importing Assets/Tiles/Overworld_27.asset using Guid(30965bcefe4c98740a1f673e218e6cec) Importer(815301076,1909f56bfc062723c751e8b465ee728b)  -> (artifact id: '561b10b98c6a16e434230a23d63fef57') in 0.010898 seconds 
  Import took 0.016023 seconds .

========================================================================
Received Import Request.
  Time since last request: 0.000376 seconds.
  path: Assets/Tiles/Overworld_32.asset
  artifactKey: Guid(434c99db0d8a61d4ba2420377400eb84) Importer(815301076,1909f56bfc062723c751e8b465ee728b)
Start importing Assets/Tiles/Overworld_32.asset using Guid(434c99db0d8a61d4ba2420377400eb84) Importer(815301076,1909f56bfc062723c751e8b465ee728b)  -> (artifact id: '3775a770325f119759f1238951ac3438') in 0.012021 seconds 
  Import took 0.017090 seconds .

========================================================================
Received Import Request.
  Time since last request: 0.000344 seconds.
  path: Assets/Tiles/Overworld_40.asset
  artifactKey: Guid(9b662bf78e0b2064ba640543ee6cb232) Importer(815301076,1909f56bfc062723c751e8b465ee728b)
Start importing Assets/Tiles/Overworld_40.asset using Guid(9b662bf78e0b2064ba640543ee6cb232) Importer(815301076,1909f56bfc062723c751e8b465ee728b)  -> (artifact id: 'f0505ec5ced833b374d784cb7de4b35c') in 0.011220 seconds 
  Import took 0.016862 seconds .

========================================================================
Received Import Request.
  Time since last request: 0.000324 seconds.
  path: Assets/Tiles/Overworld_21.asset
  artifactKey: Guid(cf098940dd983e04dac71147c0b2d689) Importer(815301076,1909f56bfc062723c751e8b465ee728b)
Start importing Assets/Tiles/Overworld_21.asset using Guid(cf098940dd983e04dac71147c0b2d689) Importer(815301076,1909f56bfc062723c751e8b465ee728b)  -> (artifact id: '460360fdb574ca614fc4ff7531c0c1f4') in 0.010172 seconds 
  Import took 0.016203 seconds .

========================================================================
Received Import Request.
  Time since last request: 0.000384 seconds.
  path: Assets/Tiles/Overworld_28.asset
  artifactKey: Guid(454cb94af6933d34ba98ca046377e24a) Importer(815301076,1909f56bfc062723c751e8b465ee728b)
Start importing Assets/Tiles/Overworld_28.asset using Guid(454cb94af6933d34ba98ca046377e24a) Importer(815301076,1909f56bfc062723c751e8b465ee728b)  -> (artifact id: '749de2843f40499dc8a9c601d9d5b48e') in 0.010693 seconds 
  Import took 0.015594 seconds .

========================================================================
Received Import Request.
  Time since last request: 0.000315 seconds.
  path: Assets/Tiles/Overworld_31.asset
  artifactKey: Guid(7dc61c313d010284fbde649895a7cb76) Importer(815301076,1909f56bfc062723c751e8b465ee728b)
Start importing Assets/Tiles/Overworld_31.asset using Guid(7dc61c313d010284fbde649895a7cb76) Importer(815301076,1909f56bfc062723c751e8b465ee728b)  -> (artifact id: 'b6a4d7d9eaf232eb7c96e8be4ea084b3') in 0.010489 seconds 
  Import took 0.015485 seconds .

========================================================================
Received Import Request.
  Time since last request: 0.000377 seconds.
  path: Assets/Tiles/Overworld_33.asset
  artifactKey: Guid(107d9a6a36d95604a979c30f02fd0c9a) Importer(815301076,1909f56bfc062723c751e8b465ee728b)
Start importing Assets/Tiles/Overworld_33.asset using Guid(107d9a6a36d95604a979c30f02fd0c9a) Importer(815301076,1909f56bfc062723c751e8b465ee728b)  -> (artifact id: 'f74747c51bfb0d648ab2cb471482a6df') in 0.012382 seconds 
  Import took 0.017698 seconds .

========================================================================
Received Import Request.
  Time since last request: 0.000290 seconds.
  path: Assets/Tiles/Overworld_15.asset
  artifactKey: Guid(c195c12ba3625ee4785304d4364c5e44) Importer(815301076,1909f56bfc062723c751e8b465ee728b)
Start importing Assets/Tiles/Overworld_15.asset using Guid(c195c12ba3625ee4785304d4364c5e44) Importer(815301076,1909f56bfc062723c751e8b465ee728b)  -> (artifact id: 'f4f408990b6f5b130131c9bcdad54490') in 0.009831 seconds 
  Import took 0.014236 seconds .

========================================================================
Received Import Request.
  Time since last request: 0.000264 seconds.
  path: Assets/Tiles/Overworld_18.asset
  artifactKey: Guid(1fc74d01b14690244aa6dea9dafa875b) Importer(815301076,1909f56bfc062723c751e8b465ee728b)
Start importing Assets/Tiles/Overworld_18.asset using Guid(1fc74d01b14690244aa6dea9dafa875b) Importer(815301076,1909f56bfc062723c751e8b465ee728b)  -> (artifact id: '8be2f46f6a41f31a7a065121e47fbeb6') in 0.012313 seconds 
  Import took 0.017234 seconds .

========================================================================
Received Import Request.
  Time since last request: 0.000344 seconds.
  path: Assets/Tiles/Overworld_36.asset
  artifactKey: Guid(053cef91de45abb4dbb3ca90b9815eaf) Importer(815301076,1909f56bfc062723c751e8b465ee728b)
Start importing Assets/Tiles/Overworld_36.asset using Guid(053cef91de45abb4dbb3ca90b9815eaf) Importer(815301076,1909f56bfc062723c751e8b465ee728b)  -> (artifact id: '57f83aaac9cadd66a9b37948f7093d02') in 0.012311 seconds 
  Import took 0.017710 seconds .

========================================================================
Received Import Request.
  Time since last request: 0.000465 seconds.
  path: Assets/Tiles/Overworld_8.asset
  artifactKey: Guid(def4b6300dedaa44e9145be95edd6680) Importer(815301076,1909f56bfc062723c751e8b465ee728b)
Start importing Assets/Tiles/Overworld_8.asset using Guid(def4b6300dedaa44e9145be95edd6680) Importer(815301076,1909f56bfc062723c751e8b465ee728b)  -> (artifact id: '7e34a1220a1a26f1490cf9aa1207a83b') in 0.011163 seconds 
  Import took 0.017078 seconds .

========================================================================
Received Import Request.
  Time since last request: 0.000256 seconds.
  path: Assets/Tiles/Overworld_30.asset
  artifactKey: Guid(0ba4e705daae8e74c9e1a808353a9360) Importer(815301076,1909f56bfc062723c751e8b465ee728b)
Start importing Assets/Tiles/Overworld_30.asset using Guid(0ba4e705daae8e74c9e1a808353a9360) Importer(815301076,1909f56bfc062723c751e8b465ee728b)  -> (artifact id: '208c59f62a372123992130045149ffa0') in 0.011783 seconds 
  Import took 0.017503 seconds .

========================================================================
Received Import Request.
  Time since last request: 0.000338 seconds.
  path: Assets/Tiles/Overworld_16.asset
  artifactKey: Guid(dc943b198f4094548b5454d6e28168ef) Importer(815301076,1909f56bfc062723c751e8b465ee728b)
Start importing Assets/Tiles/Overworld_16.asset using Guid(dc943b198f4094548b5454d6e28168ef) Importer(815301076,1909f56bfc062723c751e8b465ee728b)  -> (artifact id: '796de08541dee59009f2215243e17c76') in 0.011748 seconds 
  Import took 0.017407 seconds .

========================================================================
Received Import Request.
  Time since last request: 0.000248 seconds.
  path: Assets/Tiles/Overworld_42.asset
  artifactKey: Guid(00f1804ba7d53274daba6867f0b68c19) Importer(815301076,1909f56bfc062723c751e8b465ee728b)
Start importing Assets/Tiles/Overworld_42.asset using Guid(00f1804ba7d53274daba6867f0b68c19) Importer(815301076,1909f56bfc062723c751e8b465ee728b)  -> (artifact id: '32db46299df6d04c22aee3dca4c2f3e7') in 0.009721 seconds 
  Import took 0.013980 seconds .

========================================================================
Received Import Request.
  Time since last request: 0.000391 seconds.
  path: Assets/Tiles/Overworld_6.asset
  artifactKey: Guid(65a7b1ffef93d414e8661de9d6bada8b) Importer(815301076,1909f56bfc062723c751e8b465ee728b)
Start importing Assets/Tiles/Overworld_6.asset using Guid(65a7b1ffef93d414e8661de9d6bada8b) Importer(815301076,1909f56bfc062723c751e8b465ee728b)  -> (artifact id: '92719cbe056597f7d98a5aa5cda8202c') in 0.011082 seconds 
  Import took 0.015786 seconds .

========================================================================
Received Import Request.
  Time since last request: 0.000254 seconds.
  path: Assets/Tiles/Overworld_41.asset
  artifactKey: Guid(8a86e8f00cf327248ab4cbb4f07e14ab) Importer(815301076,1909f56bfc062723c751e8b465ee728b)
Start importing Assets/Tiles/Overworld_41.asset using Guid(8a86e8f00cf327248ab4cbb4f07e14ab) Importer(815301076,1909f56bfc062723c751e8b465ee728b)  -> (artifact id: '24f98a8e85f245a16a5eabb52770f6c3') in 0.011672 seconds 
  Import took 0.018222 seconds .

========================================================================
Received Import Request.
  Time since last request: 0.000361 seconds.
  path: Assets/Tiles/Overworld_43.asset
  artifactKey: Guid(3986ef4c48e3277458222a976cc095f0) Importer(815301076,1909f56bfc062723c751e8b465ee728b)
Start importing Assets/Tiles/Overworld_43.asset using Guid(3986ef4c48e3277458222a976cc095f0) Importer(815301076,1909f56bfc062723c751e8b465ee728b)  -> (artifact id: '89313651fcbdc4f4afc0d5f98b4d0e77') in 0.011641 seconds 
  Import took 0.015925 seconds .

========================================================================
Received Import Request.
  Time since last request: 0.000269 seconds.
  path: Assets/Tiles/Overworld_45.asset
  artifactKey: Guid(20a6c1680aaa51c4593ae5845a27258b) Importer(815301076,1909f56bfc062723c751e8b465ee728b)
Start importing Assets/Tiles/Overworld_45.asset using Guid(20a6c1680aaa51c4593ae5845a27258b) Importer(815301076,1909f56bfc062723c751e8b465ee728b)  -> (artifact id: '54f2eb8c68623cca2c62c74a88d273df') in 0.014269 seconds 
  Import took 0.020305 seconds .

========================================================================
Received Import Request.
  Time since last request: 0.000257 seconds.
  path: Assets/Tiles/Overworld_1.asset
  artifactKey: Guid(14664e4035c7c294f9e7467aeb9571de) Importer(815301076,1909f56bfc062723c751e8b465ee728b)
Start importing Assets/Tiles/Overworld_1.asset using Guid(14664e4035c7c294f9e7467aeb9571de) Importer(815301076,1909f56bfc062723c751e8b465ee728b)  -> (artifact id: '92d32b2b06995821c61f7326c1779aa7') in 0.009591 seconds 
  Import took 0.016034 seconds .

========================================================================
Received Import Request.
  Time since last request: 0.000261 seconds.
  path: Assets/Tiles/Overworld_9.asset
  artifactKey: Guid(f44a7def00783814d9d5060ca2db6ba1) Importer(815301076,1909f56bfc062723c751e8b465ee728b)
Start importing Assets/Tiles/Overworld_9.asset using Guid(f44a7def00783814d9d5060ca2db6ba1) Importer(815301076,1909f56bfc062723c751e8b465ee728b)  -> (artifact id: '090ab1b24ba0e6b753a67ce61b67d1b2') in 0.011038 seconds 
  Import took 0.016775 seconds .

========================================================================
Received Import Request.
  Time since last request: 0.000260 seconds.
  path: Assets/Tiles/Overworld_2.asset
  artifactKey: Guid(a5da6610df75b324aa25fa611afbc02f) Importer(815301076,1909f56bfc062723c751e8b465ee728b)
Start importing Assets/Tiles/Overworld_2.asset using Guid(a5da6610df75b324aa25fa611afbc02f) Importer(815301076,1909f56bfc062723c751e8b465ee728b)  -> (artifact id: 'c37108a1157811171a043444c30dd7ef') in 0.079224 seconds 
  Import took 0.083763 seconds .

========================================================================
Received Import Request.
  Time since last request: 0.000242 seconds.
  path: Assets/Tiles/Overworld_5.asset
  artifactKey: Guid(577b64faafe3c1348a81ae123e095e1b) Importer(815301076,1909f56bfc062723c751e8b465ee728b)
Start importing Assets/Tiles/Overworld_5.asset using Guid(577b64faafe3c1348a81ae123e095e1b) Importer(815301076,1909f56bfc062723c751e8b465ee728b)  -> (artifact id: '810b01d084ff29ba00462d893d339b16') in 0.009438 seconds 
  Import took 0.014295 seconds .

========================================================================
Received Import Request.
  Time since last request: 0.000218 seconds.
  path: Assets/Tiles/Overworld_44.asset
  artifactKey: Guid(400110ea3559a9045b3da9e358463ce2) Importer(815301076,1909f56bfc062723c751e8b465ee728b)
Start importing Assets/Tiles/Overworld_44.asset using Guid(400110ea3559a9045b3da9e358463ce2) Importer(815301076,1909f56bfc062723c751e8b465ee728b)  -> (artifact id: '324373af8c736dcb2f641b4c9cae75d2') in 0.010367 seconds 
  Import took 0.014819 seconds .

========================================================================
Received Import Request.
  Time since last request: 0.000239 seconds.
  path: Assets/Tiles/Overworld_35.asset
  artifactKey: Guid(ddeaa27974260254ca6909888e56034d) Importer(815301076,1909f56bfc062723c751e8b465ee728b)
Start importing Assets/Tiles/Overworld_35.asset using Guid(ddeaa27974260254ca6909888e56034d) Importer(815301076,1909f56bfc062723c751e8b465ee728b)  -> (artifact id: '693a0281314f98f3c8cb48ae7b477406') in 0.010397 seconds 
  Import took 0.015133 seconds .

========================================================================
Received Import Request.
  Time since last request: 0.000252 seconds.
  path: Assets/Tiles/Overworld_24.asset
  artifactKey: Guid(fad453f2de96d5a4cb2559cf4c5e7395) Importer(815301076,1909f56bfc062723c751e8b465ee728b)
Start importing Assets/Tiles/Overworld_24.asset using Guid(fad453f2de96d5a4cb2559cf4c5e7395) Importer(815301076,1909f56bfc062723c751e8b465ee728b)  -> (artifact id: '0561b1b2bbeb354cc2cd69132f3f3d0a') in 0.010616 seconds 
  Import took 0.015552 seconds .

========================================================================
Received Import Request.
  Time since last request: 0.000239 seconds.
  path: Assets/Tiles/Overworld_38.asset
  artifactKey: Guid(beba64d430fdb4d46950444d8959a66a) Importer(815301076,1909f56bfc062723c751e8b465ee728b)
Start importing Assets/Tiles/Overworld_38.asset using Guid(beba64d430fdb4d46950444d8959a66a) Importer(815301076,1909f56bfc062723c751e8b465ee728b)  -> (artifact id: '3503421aae228179f529121bbddfed53') in 0.009644 seconds 
  Import took 0.014802 seconds .

========================================================================
Received Import Request.
  Time since last request: 0.000239 seconds.
  path: Assets/Tiles/Overworld_20.asset
  artifactKey: Guid(64cf26787d5ae3543b921f60c1f85d16) Importer(815301076,1909f56bfc062723c751e8b465ee728b)
Start importing Assets/Tiles/Overworld_20.asset using Guid(64cf26787d5ae3543b921f60c1f85d16) Importer(815301076,1909f56bfc062723c751e8b465ee728b)  -> (artifact id: 'a5d85e06a31b73a72af705216b19e10b') in 0.009230 seconds 
  Import took 0.014121 seconds .

========================================================================
Received Import Request.
  Time since last request: 0.000249 seconds.
  path: Assets/Tiles/Overworld_11.asset
  artifactKey: Guid(38df3d029983155469558babceb81962) Importer(815301076,1909f56bfc062723c751e8b465ee728b)
Start importing Assets/Tiles/Overworld_11.asset using Guid(38df3d029983155469558babceb81962) Importer(815301076,1909f56bfc062723c751e8b465ee728b)  -> (artifact id: '89568bf5d0d5b55bed60b6fb96d26d93') in 0.010099 seconds 
  Import took 0.014557 seconds .

========================================================================
Received Import Request.
  Time since last request: 0.000252 seconds.
  path: Assets/Tiles/Overworld_22.asset
  artifactKey: Guid(f9c79828f327edd48a83afc7f6d4df61) Importer(815301076,1909f56bfc062723c751e8b465ee728b)
Start importing Assets/Tiles/Overworld_22.asset using Guid(f9c79828f327edd48a83afc7f6d4df61) Importer(815301076,1909f56bfc062723c751e8b465ee728b)  -> (artifact id: 'db02e22cc1ec8eec0ecf39d3556e8bc9') in 0.010568 seconds 
  Import took 0.015741 seconds .

========================================================================
Received Import Request.
  Time since last request: 0.000360 seconds.
  path: Assets/Tiles/Overworld_0.asset
  artifactKey: Guid(653cf17c830086b49af57ca0016664f1) Importer(815301076,1909f56bfc062723c751e8b465ee728b)
Start importing Assets/Tiles/Overworld_0.asset using Guid(653cf17c830086b49af57ca0016664f1) Importer(815301076,1909f56bfc062723c751e8b465ee728b)  -> (artifact id: '4fbcf54b9e1ec18b6a9e3f336b242202') in 0.011044 seconds 
  Import took 0.015414 seconds .

========================================================================
Received Import Request.
  Time since last request: 0.000279 seconds.
  path: Assets/Tiles/Overworld_17.asset
  artifactKey: Guid(d5c53826435c5dc4890c359deb76b38e) Importer(815301076,1909f56bfc062723c751e8b465ee728b)
Start importing Assets/Tiles/Overworld_17.asset using Guid(d5c53826435c5dc4890c359deb76b38e) Importer(815301076,1909f56bfc062723c751e8b465ee728b)  -> (artifact id: 'c6df1b556866dffcab3be4d294155b5d') in 0.009833 seconds 
  Import took 0.014358 seconds .

========================================================================
Received Import Request.
  Time since last request: 0.000290 seconds.
  path: Assets/Tiles/Overworld_26.asset
  artifactKey: Guid(5b7111c47bb0f524aa363034ceb8b987) Importer(815301076,1909f56bfc062723c751e8b465ee728b)
Start importing Assets/Tiles/Overworld_26.asset using Guid(5b7111c47bb0f524aa363034ceb8b987) Importer(815301076,1909f56bfc062723c751e8b465ee728b)  -> (artifact id: '866e7b9bff861e850409396001c4e1dc') in 0.009388 seconds 
  Import took 0.013571 seconds .

========================================================================
Received Import Request.
  Time since last request: 0.000276 seconds.
  path: Assets/Tiles/Overworld_39.asset
  artifactKey: Guid(b03494993b81635459dd399ea8eacc81) Importer(815301076,1909f56bfc062723c751e8b465ee728b)
Start importing Assets/Tiles/Overworld_39.asset using Guid(b03494993b81635459dd399ea8eacc81) Importer(815301076,1909f56bfc062723c751e8b465ee728b)  -> (artifact id: 'b89d4ae26068a4c91887b3683ddeb68e') in 0.011091 seconds 
  Import took 0.015278 seconds .

========================================================================
Received Import Request.
  Time since last request: 0.000253 seconds.
  path: Assets/Tiles/Overworld_14.asset
  artifactKey: Guid(9803ed7a0f2e125499c683dbcd806f8f) Importer(815301076,1909f56bfc062723c751e8b465ee728b)
Start importing Assets/Tiles/Overworld_14.asset using Guid(9803ed7a0f2e125499c683dbcd806f8f) Importer(815301076,1909f56bfc062723c751e8b465ee728b)  -> (artifact id: 'a58e6408f249d40229dcc344e6696f6e') in 0.011655 seconds 
  Import took 0.016468 seconds .

========================================================================
Received Import Request.
  Time since last request: 0.000234 seconds.
  path: Assets/Tiles/Overworld_34.asset
  artifactKey: Guid(caf8a304a6d18384b8c110a17147462a) Importer(815301076,1909f56bfc062723c751e8b465ee728b)
Start importing Assets/Tiles/Overworld_34.asset using Guid(caf8a304a6d18384b8c110a17147462a) Importer(815301076,1909f56bfc062723c751e8b465ee728b)  -> (artifact id: '2ebd3a730983c27e6a6c3e2af13e61ab') in 0.009763 seconds 
  Import took 0.014439 seconds .

========================================================================
Received Import Request.
  Time since last request: 3.562061 seconds.
  path: Assets/Scripts/Core/EssentialObjectsSpawner.cs
  artifactKey: Guid(96c6491e0c2cbaf49b1f18423ef4204c) Importer(815301076,1909f56bfc062723c751e8b465ee728b)
Start importing Assets/Scripts/Core/EssentialObjectsSpawner.cs using Guid(96c6491e0c2cbaf49b1f18423ef4204c) Importer(815301076,1909f56bfc062723c751e8b465ee728b)  -> (artifact id: 'aa0284f956cd62b2a4ae0b335633d96b') in 0.002696 seconds 
  Import took 0.008398 seconds .

========================================================================
Received Import Request.
  Time since last request: 3.368638 seconds.
  path: Assets/Scripts/Core/EssentialObjects.cs
  artifactKey: Guid(9f08798ad9604d046a048af9ed61b779) Importer(815301076,1909f56bfc062723c751e8b465ee728b)
Start importing Assets/Scripts/Core/EssentialObjects.cs using Guid(9f08798ad9604d046a048af9ed61b779) Importer(815301076,1909f56bfc062723c751e8b465ee728b)  -> (artifact id: '4d13d5638f792d1fe99b2618c3f5ddb8') in 0.002784 seconds 
  Import took 0.008108 seconds .

========================================================================
Received Prepare
Registering precompiled user dll's ...
Registered in 0.011654 seconds.
Begin MonoManager ReloadAssembly
Native extension for WindowsStandalone target not found
Refreshing native plugins compatible for Editor in 0.73 ms, found 5 plugins.
Preloading 0 native plugins for Editor in 0.00 ms.
Mono: successfully reloaded assembly
- Completed reload, in  1.284 seconds
Domain Reload Profiling:
	ReloadAssembly (1285ms)
		BeginReloadAssembly (169ms)
			ExecutionOrderSort (0ms)
			DisableScriptedObjects (6ms)
			BackupInstance (0ms)
			ReleaseScriptingObjects (0ms)
			CreateAndSetChildDomain (51ms)
		EndReloadAssembly (1031ms)
			LoadAssemblies (141ms)
			RebuildTransferFunctionScriptingTraits (0ms)
			SetupTypeCache (390ms)
			ReleaseScriptCaches (1ms)
			RebuildScriptCaches (65ms)
			SetupLoadedEditorAssemblies (337ms)
				LogAssemblyErrors (0ms)
				InitializePlatformSupportModulesInManaged (5ms)
				SetLoadedEditorAssemblies (1ms)
				RefreshPlugins (1ms)
				BeforeProcessingInitializeOnLoad (63ms)
				ProcessInitializeOnLoadAttributes (250ms)
				ProcessInitializeOnLoadMethodAttributes (11ms)
				AfterProcessingInitializeOnLoad (5ms)
				EditorAssembliesLoaded (0ms)
			ExecutionOrderSort2 (0ms)
			AwakeInstancesAfterBackupRestoration (9ms)
Platform modules already initialized, skipping
Refreshing native plugins compatible for Editor in 0.71 ms, found 5 plugins.
Preloading 0 native plugins for Editor in 0.00 ms.
Unloading 2228 Unused Serialized files (Serialized files now loaded: 0)
System memory in use before: 101.1 MB.
System memory in use after: 101.3 MB.

Unloading 36 unused Assets to reduce memory usage. Loaded Objects now: 2713.
Total: 4.223800 ms (FindLiveObjects: 0.484400 ms CreateObjectMapping: 0.138500 ms MarkObjects: 3.516600 ms  DeleteObjects: 0.082900 ms)

AssetImportParameters requested are different than current active one (requested -> active):
  custom:framework-win-MediaFoundation: 216162199b28c13a410421893ffa2e32 -> 
  custom:video-decoder-ogg-theora: a1e56fd34408186e4bbccfd4996cb3dc -> 
  custom:container-muxer-webm: aa71ff27fc2769a1b78a27578f13a17b -> 
  custom:container-demuxer-webm: 4f35f7cbe854078d1ac9338744f61a02 -> 
  custom:container-demuxer-ogg: 62fdf1f143b41e24485cea50d1cbac27 -> 
  custom:video-encoder-webm-vp8: eb34c28f22e8b96e1ab97ce403110664 -> 
  custom:video-codec-MediaFoundation-h265: 746d11721c4dcdbdad8f713fa42b33f4 -> 
  custom:video-decoder-webm-vp8: 9c59270c3fd7afecdb556c50c9e8de78 -> 
  custom:audio-decoder-ogg-vorbis: bf7c407c2cedff20999df2af8eb42d56 -> 
  custom:audio-encoder-webm-vorbis: bf7c407c2cedff20999df2af8eb42d56 -> 
========================================================================
Received Import Request.
  Time since last request: 184.839103 seconds.
  path: Assets/Scripts/Pokemons/Pokemon.cs
  artifactKey: Guid(a5f0f8d111eb27e4f86b073c50dfd0b8) Importer(815301076,1909f56bfc062723c751e8b465ee728b)
Start importing Assets/Scripts/Pokemons/Pokemon.cs using Guid(a5f0f8d111eb27e4f86b073c50dfd0b8) Importer(815301076,1909f56bfc062723c751e8b465ee728b)  -> (artifact id: 'a3aa4911b52a522c5d94f7685d7af941') in 0.006499 seconds 
  Import took 0.010271 seconds .

========================================================================
Received Import Request.
  Time since last request: 137.119457 seconds.
  path: Assets/Scripts/Battle/BattleDialogBox.cs
  artifactKey: Guid(23f4c6adfe0433a4db29492f0574a510) Importer(815301076,1909f56bfc062723c751e8b465ee728b)
Start importing Assets/Scripts/Battle/BattleDialogBox.cs using Guid(23f4c6adfe0433a4db29492f0574a510) Importer(815301076,1909f56bfc062723c751e8b465ee728b)  -> (artifact id: '772d3725bfc0300734d963081809c58d') in 0.002416 seconds 
  Import took 0.007626 seconds .

========================================================================
Received Import Request.
  Time since last request: 59.181286 seconds.
  path: Assets/Scripts/Battle/BattleDialogBox.cs
  artifactKey: Guid(23f4c6adfe0433a4db29492f0574a510) Importer(815301076,1909f56bfc062723c751e8b465ee728b)
Start importing Assets/Scripts/Battle/BattleDialogBox.cs using Guid(23f4c6adfe0433a4db29492f0574a510) Importer(815301076,1909f56bfc062723c751e8b465ee728b)  -> (artifact id: '0eb382761d956b18217fc73ccb6d7107') in 0.002982 seconds 
  Import took 0.008677 seconds .

========================================================================
Received Prepare
Registering precompiled user dll's ...
Registered in 0.011046 seconds.
Begin MonoManager ReloadAssembly
Native extension for WindowsStandalone target not found
Refreshing native plugins compatible for Editor in 0.80 ms, found 5 plugins.
Preloading 0 native plugins for Editor in 0.00 ms.
Mono: successfully reloaded assembly
- Completed reload, in  1.176 seconds
Domain Reload Profiling:
	ReloadAssembly (1176ms)
		BeginReloadAssembly (148ms)
			ExecutionOrderSort (0ms)
			DisableScriptedObjects (7ms)
			BackupInstance (0ms)
			ReleaseScriptingObjects (0ms)
			CreateAndSetChildDomain (45ms)
		EndReloadAssembly (944ms)
			LoadAssemblies (108ms)
			RebuildTransferFunctionScriptingTraits (0ms)
			SetupTypeCache (335ms)
			ReleaseScriptCaches (1ms)
			RebuildScriptCaches (49ms)
			SetupLoadedEditorAssemblies (339ms)
				LogAssemblyErrors (0ms)
				InitializePlatformSupportModulesInManaged (5ms)
				SetLoadedEditorAssemblies (1ms)
				RefreshPlugins (1ms)
				BeforeProcessingInitializeOnLoad (65ms)
				ProcessInitializeOnLoadAttributes (245ms)
				ProcessInitializeOnLoadMethodAttributes (17ms)
				AfterProcessingInitializeOnLoad (6ms)
				EditorAssembliesLoaded (0ms)
			ExecutionOrderSort2 (0ms)
			AwakeInstancesAfterBackupRestoration (10ms)
Platform modules already initialized, skipping
Refreshing native plugins compatible for Editor in 0.74 ms, found 5 plugins.
Preloading 0 native plugins for Editor in 0.00 ms.
Unloading 2228 Unused Serialized files (Serialized files now loaded: 0)
System memory in use before: 101.2 MB.
System memory in use after: 101.4 MB.

Unloading 36 unused Assets to reduce memory usage. Loaded Objects now: 2715.
Total: 3.492300 ms (FindLiveObjects: 0.223700 ms CreateObjectMapping: 0.086600 ms MarkObjects: 3.127100 ms  DeleteObjects: 0.054100 ms)

AssetImportParameters requested are different than current active one (requested -> active):
  custom:framework-win-MediaFoundation: 216162199b28c13a410421893ffa2e32 -> 
  custom:video-decoder-ogg-theora: a1e56fd34408186e4bbccfd4996cb3dc -> 
  custom:container-muxer-webm: aa71ff27fc2769a1b78a27578f13a17b -> 
  custom:container-demuxer-webm: 4f35f7cbe854078d1ac9338744f61a02 -> 
  custom:container-demuxer-ogg: 62fdf1f143b41e24485cea50d1cbac27 -> 
  custom:video-encoder-webm-vp8: eb34c28f22e8b96e1ab97ce403110664 -> 
  custom:video-codec-MediaFoundation-h265: 746d11721c4dcdbdad8f713fa42b33f4 -> 
  custom:video-decoder-webm-vp8: 9c59270c3fd7afecdb556c50c9e8de78 -> 
  custom:audio-decoder-ogg-vorbis: bf7c407c2cedff20999df2af8eb42d56 -> 
  custom:audio-encoder-webm-vorbis: bf7c407c2cedff20999df2af8eb42d56 -> 
========================================================================
Received Prepare
Registering precompiled user dll's ...
Registered in 0.011293 seconds.
Begin MonoManager ReloadAssembly
Native extension for WindowsStandalone target not found
Refreshing native plugins compatible for Editor in 0.70 ms, found 5 plugins.
Preloading 0 native plugins for Editor in 0.00 ms.
Mono: successfully reloaded assembly
- Completed reload, in  1.299 seconds
Domain Reload Profiling:
	ReloadAssembly (1300ms)
		BeginReloadAssembly (155ms)
			ExecutionOrderSort (0ms)
			DisableScriptedObjects (8ms)
			BackupInstance (0ms)
			ReleaseScriptingObjects (0ms)
			CreateAndSetChildDomain (47ms)
		EndReloadAssembly (1058ms)
			LoadAssemblies (137ms)
			RebuildTransferFunctionScriptingTraits (0ms)
			SetupTypeCache (378ms)
			ReleaseScriptCaches (1ms)
			RebuildScriptCaches (52ms)
			SetupLoadedEditorAssemblies (374ms)
				LogAssemblyErrors (0ms)
				InitializePlatformSupportModulesInManaged (5ms)
				SetLoadedEditorAssemblies (0ms)
				RefreshPlugins (1ms)
				BeforeProcessingInitializeOnLoad (62ms)
				ProcessInitializeOnLoadAttributes (286ms)
				ProcessInitializeOnLoadMethodAttributes (14ms)
				AfterProcessingInitializeOnLoad (6ms)
				EditorAssembliesLoaded (0ms)
			ExecutionOrderSort2 (0ms)
			AwakeInstancesAfterBackupRestoration (11ms)
Platform modules already initialized, skipping
Refreshing native plugins compatible for Editor in 0.82 ms, found 5 plugins.
Preloading 0 native plugins for Editor in 0.00 ms.
Unloading 2228 Unused Serialized files (Serialized files now loaded: 0)
System memory in use before: 101.2 MB.
System memory in use after: 101.4 MB.

Unloading 36 unused Assets to reduce memory usage. Loaded Objects now: 2717.
Total: 3.980600 ms (FindLiveObjects: 0.222500 ms CreateObjectMapping: 0.107500 ms MarkObjects: 3.619600 ms  DeleteObjects: 0.029700 ms)

AssetImportParameters requested are different than current active one (requested -> active):
  custom:framework-win-MediaFoundation: 216162199b28c13a410421893ffa2e32 -> 
  custom:video-decoder-ogg-theora: a1e56fd34408186e4bbccfd4996cb3dc -> 
  custom:container-muxer-webm: aa71ff27fc2769a1b78a27578f13a17b -> 
  custom:container-demuxer-webm: 4f35f7cbe854078d1ac9338744f61a02 -> 
  custom:container-demuxer-ogg: 62fdf1f143b41e24485cea50d1cbac27 -> 
  custom:video-encoder-webm-vp8: eb34c28f22e8b96e1ab97ce403110664 -> 
  custom:video-codec-MediaFoundation-h265: 746d11721c4dcdbdad8f713fa42b33f4 -> 
  custom:video-decoder-webm-vp8: 9c59270c3fd7afecdb556c50c9e8de78 -> 
  custom:audio-decoder-ogg-vorbis: bf7c407c2cedff20999df2af8eb42d56 -> 
  custom:audio-encoder-webm-vorbis: bf7c407c2cedff20999df2af8eb42d56 -> 
========================================================================
Received Prepare
Registering precompiled user dll's ...
Registered in 0.013184 seconds.
Begin MonoManager ReloadAssembly
Native extension for WindowsStandalone target not found
Refreshing native plugins compatible for Editor in 0.79 ms, found 5 plugins.
Preloading 0 native plugins for Editor in 0.00 ms.
Mono: successfully reloaded assembly
- Completed reload, in  1.620 seconds
Domain Reload Profiling:
	ReloadAssembly (1621ms)
		BeginReloadAssembly (175ms)
			ExecutionOrderSort (0ms)
			DisableScriptedObjects (9ms)
			BackupInstance (0ms)
			ReleaseScriptingObjects (0ms)
			CreateAndSetChildDomain (56ms)
		EndReloadAssembly (1359ms)
			LoadAssemblies (173ms)
			RebuildTransferFunctionScriptingTraits (0ms)
			SetupTypeCache (499ms)
			ReleaseScriptCaches (1ms)
			RebuildScriptCaches (67ms)
			SetupLoadedEditorAssemblies (467ms)
				LogAssemblyErrors (0ms)
				InitializePlatformSupportModulesInManaged (8ms)
				SetLoadedEditorAssemblies (1ms)
				RefreshPlugins (1ms)
				BeforeProcessingInitializeOnLoad (89ms)
				ProcessInitializeOnLoadAttributes (345ms)
				ProcessInitializeOnLoadMethodAttributes (17ms)
				AfterProcessingInitializeOnLoad (7ms)
				EditorAssembliesLoaded (0ms)
			ExecutionOrderSort2 (0ms)
			AwakeInstancesAfterBackupRestoration (13ms)
Platform modules already initialized, skipping
Refreshing native plugins compatible for Editor in 1.12 ms, found 5 plugins.
Preloading 0 native plugins for Editor in 0.00 ms.
Unloading 2228 Unused Serialized files (Serialized files now loaded: 0)
System memory in use before: 101.2 MB.
System memory in use after: 101.5 MB.

Unloading 36 unused Assets to reduce memory usage. Loaded Objects now: 2719.
Total: 5.386500 ms (FindLiveObjects: 0.390500 ms CreateObjectMapping: 0.190000 ms MarkObjects: 4.716100 ms  DeleteObjects: 0.088000 ms)

AssetImportParameters requested are different than current active one (requested -> active):
  custom:framework-win-MediaFoundation: 216162199b28c13a410421893ffa2e32 -> 
  custom:video-decoder-ogg-theora: a1e56fd34408186e4bbccfd4996cb3dc -> 
  custom:container-muxer-webm: aa71ff27fc2769a1b78a27578f13a17b -> 
  custom:container-demuxer-webm: 4f35f7cbe854078d1ac9338744f61a02 -> 
  custom:container-demuxer-ogg: 62fdf1f143b41e24485cea50d1cbac27 -> 
  custom:video-encoder-webm-vp8: eb34c28f22e8b96e1ab97ce403110664 -> 
  custom:video-codec-MediaFoundation-h265: 746d11721c4dcdbdad8f713fa42b33f4 -> 
  custom:video-decoder-webm-vp8: 9c59270c3fd7afecdb556c50c9e8de78 -> 
  custom:audio-decoder-ogg-vorbis: bf7c407c2cedff20999df2af8eb42d56 -> 
  custom:audio-encoder-webm-vorbis: bf7c407c2cedff20999df2af8eb42d56 -> 
========================================================================
Received Prepare
Registering precompiled user dll's ...
Registered in 0.015445 seconds.
Begin MonoManager ReloadAssembly
Native extension for WindowsStandalone target not found
Refreshing native plugins compatible for Editor in 0.81 ms, found 5 plugins.
Preloading 0 native plugins for Editor in 0.00 ms.
Mono: successfully reloaded assembly
- Completed reload, in  1.568 seconds
Domain Reload Profiling:
	ReloadAssembly (1569ms)
		BeginReloadAssembly (159ms)
			ExecutionOrderSort (0ms)
			DisableScriptedObjects (9ms)
			BackupInstance (0ms)
			ReleaseScriptingObjects (0ms)
			CreateAndSetChildDomain (55ms)
		EndReloadAssembly (1319ms)
			LoadAssemblies (145ms)
			RebuildTransferFunctionScriptingTraits (0ms)
			SetupTypeCache (499ms)
			ReleaseScriptCaches (2ms)
			RebuildScriptCaches (66ms)
			SetupLoadedEditorAssemblies (459ms)
				LogAssemblyErrors (0ms)
				InitializePlatformSupportModulesInManaged (7ms)
				SetLoadedEditorAssemblies (1ms)
				RefreshPlugins (1ms)
				BeforeProcessingInitializeOnLoad (88ms)
				ProcessInitializeOnLoadAttributes (335ms)
				ProcessInitializeOnLoadMethodAttributes (18ms)
				AfterProcessingInitializeOnLoad (9ms)
				EditorAssembliesLoaded (0ms)
			ExecutionOrderSort2 (0ms)
			AwakeInstancesAfterBackupRestoration (12ms)
Platform modules already initialized, skipping
Refreshing native plugins compatible for Editor in 1.17 ms, found 5 plugins.
Preloading 0 native plugins for Editor in 0.00 ms.
Unloading 2228 Unused Serialized files (Serialized files now loaded: 0)
System memory in use before: 101.2 MB.
System memory in use after: 101.4 MB.

Unloading 36 unused Assets to reduce memory usage. Loaded Objects now: 2721.
Total: 5.093700 ms (FindLiveObjects: 0.243700 ms CreateObjectMapping: 0.107700 ms MarkObjects: 4.655600 ms  DeleteObjects: 0.085200 ms)

AssetImportParameters requested are different than current active one (requested -> active):
  custom:framework-win-MediaFoundation: 216162199b28c13a410421893ffa2e32 -> 
  custom:video-decoder-ogg-theora: a1e56fd34408186e4bbccfd4996cb3dc -> 
  custom:container-muxer-webm: aa71ff27fc2769a1b78a27578f13a17b -> 
  custom:container-demuxer-webm: 4f35f7cbe854078d1ac9338744f61a02 -> 
  custom:container-demuxer-ogg: 62fdf1f143b41e24485cea50d1cbac27 -> 
  custom:video-encoder-webm-vp8: eb34c28f22e8b96e1ab97ce403110664 -> 
  custom:video-codec-MediaFoundation-h265: 746d11721c4dcdbdad8f713fa42b33f4 -> 
  custom:video-decoder-webm-vp8: 9c59270c3fd7afecdb556c50c9e8de78 -> 
  custom:audio-decoder-ogg-vorbis: bf7c407c2cedff20999df2af8eb42d56 -> 
  custom:audio-encoder-webm-vorbis: bf7c407c2cedff20999df2af8eb42d56 -> 
AssetImportWorkerClient::OnTransportError - code=2 error=End of file
